<?xml version="1.0" encoding="UTF-8"?>
<!-- Generated by org.testng.reporters.JUnitReportReporter -->
<testsuite skipped="0" hostname="Siri-PC" name="energy.TestClass" tests="1" failures="0" timestamp="16 Apr 2021 02:29:17 GMT" time="0.031" errors="0">
  <testcase name="CheckUrl" time="0.031" classname="energy.TestClass"/>
</testsuite> <!-- energy.TestClass -->
